<00004,00010,00003,00000,00001,00000,00001>

[DeviceInfo00001]
BootReason = 0087
Firmware Version = V1.0.8.1be
Serial Number = 453015872
BootLoader Version = V1.0.1.7
Script Name = IGU_16HR 3C Standard Script
Project Name = IGU-16HR 3C
Device Type = IGU-16 5Hz
Start Date = "2022/07/18"
Start Time = "00:00:00"
End Time = "00:00:00"
FIFO Storage MODE = 1
GPS Power Mode = CycleOff
Channel Number = 3
Channel 1 Type = 98
Channel 2 Type = 98
Channel 3 Type = 98
Channel 4 Type = 97
Sample Rate = 400
Channel 1 Gain = 18
Channel 2 Gain = 18
Channel 3 Gain = 18
Channel 4 Gain = 0
Anti-alias Filter Type = Linear
Low Cutter Filter = 11
Voltage Threshold = 650,600

Ch1 Resistance = 1.7400, 1.7461
Ch1 Resonate Freq = 433.4023
Ch1 Damping = 0.5197
Ch1 Sensitivity = 247.1617
Ch1 RMS Noise = 1.2424
Ch1 Spread Noise =  15.7696

Ch2 Resistance = 1.6324, 1.7303
Ch2 Resonate Freq = 313.1898
Ch2 Damping = 0.2170
Ch2 Sensitivity = 414.6013
Ch2 RMS Noise = 1.1723
Ch2 Spread Noise = 22467.1758

Ch3 Resistance = 1.6887, 1.8290
Ch3 Resonate Freq = 7.1399
Ch3 Damping = 0.4734
Ch3 Sensitivity = 137.3865
Ch3 RMS Noise = 1.1380
Ch3 Spread Noise = 78790.0547

SD Manufacturer ID = 0xad
SD OEM_Application ID = 0x4c53
SD Product Name = "46XLG"
SD Production Revision = 16
SD Production SN = 1447195482
SD Manufacture Date = 0x0154


[BatteryPowerOnStop]

[DeviceInfo00002]
BootReason = 0300
Firmware Version = V1.0.8.1be
Serial Number = 453015872
BootLoader Version = V1.0.1.7
Boot RTC ="2015/12/19,03:27:37"
Script Name = IGU_16HR 3C Standard Script
Project Name = IGU-16HR 3C
Device Type = IGU-16 5Hz
Start Date = "2022/07/18"
Start Time = "00:00:00"
End Time = "00:00:00"
FIFO Storage MODE = 1
Existing DATA Segments = 0
Starting DATA Segment# = 0
GPS Power Mode = CycleOff
Channel Number = 3
Channel 1 Type = 98
Channel 2 Type = 98
Channel 3 Type = 98
Channel 4 Type = 97
Sample Rate = 400
Channel 1 Gain = 18
Channel 2 Gain = 18
Channel 3 Gain = 18
Channel 4 Gain = 0
Anti-alias Filter Type = Linear
Low Cutter Filter = 11
Voltage Threshold = 650,600

Ch1 Resistance = 1.7256, 1.7529
Ch1 Resonate Freq = 4.5319
Ch1 Damping = 0.5140
Ch1 Sensitivity = 73.6775
Ch1 RMS Noise = 1.2106
Ch1 Spread Noise = 7076.3447

Ch2 Resistance = 1.7180, 1.7645
Ch2 Resonate Freq = 4.6953
Ch2 Damping = 0.5824
Ch2 Sensitivity = 71.3671
Ch2 RMS Noise = 1.1937
Ch2 Spread Noise = 50035.1016

Ch3 Resistance = 1.7168, 1.7435
Ch3 Resonate Freq = 4.1314
Ch3 Damping = 0.3582
Ch3 Sensitivity = 58.9089
Ch3 RMS Noise = 1.1565
Ch3 Spread Noise = 133645.3906

GPS Lock Time = "2023/02/14,08:10:49"
GPS Tick = 62
Satellite Number = 07
GPS Strength     = "47,42,42,42,41,39,38"
Satellite ID     = " 1, 7,14,50,40,21,30"
Calendar Reference = 2023/02/14,08:10 <-> 2022/07/18,00:00
Wait Time to Work = 0(0x00000000)
Voltage = 8.1042
Free TF Memory = 60461
Sensor Type = TMPx75
Booting Temperature = 13.3125
Upper Resistance Limit = 1905, 1844.2
Lower Resistance Limit = 1640, 1587.6
Booting eCompass North = -43.819
Booting Tilted Angle =   1.284
Booting Roll Angle   = -0.692
Booting Pitch Angle  = -1.082
Geophone Test Passed = 1
Sync Delay = 256.9259
Sync Count = 1

[Notify00001]
UTC Time = "2023/02/14,08:11:17"
Start Acquisition FileName = "Seis000.DLD"

[GPS00001]
GPS Status = GPS Cycle Off
GPS Tick = 281
UTC Time = "2023/02/14,08:13:41"
DAC Value = 2132
ADC Sync Value = 2907,51
Phase Error = 1
Max Phase Error = 1

[GPS00002]
GPS Status = GPS Synchronization
UTC Time = "2023/02/14,08:18:29"
Leap Second = 0
eCompass North = -44.017
Tilted Angle =   1.181
Roll Angle   = -0.694
Pitch Angle  = -0.955
GPS Power = OFF
Latest Fix UTC Time = "2023/02/14,08:13:59"
Satellite Number = 10
GPS Strength     = "48,44,43,42,42,38,38,37,35,34"
Satellite ID     = " 7, 1,14,30,40,17,50,21, 8,10"
Longitude = 116.760397500
Latitude   = 39.596279667
Altitude   = 36.6
RTC Time = "2023/02/14,08:18:36"

[Temperature00001]
UTC Time = "2023/02/14,08:20:05"
Temperature = 14.0625

[GPS00003]
GPS Status = GPS Cycle On
GPS Tick = 480
UTC Time = "2023/02/14,08:21:41"

[GPS00004]
GPS Status = GPS Cycle Off
GPS Tick = 38
UTC Time = "2023/02/14,08:22:29"
DAC Value = 2130
ADC Sync Value = 2907,53
Phase Error = 1
Max Phase Error = 1

[GPS00005]
GPS Status = GPS Synchronization
UTC Time = "2023/02/14,08:26:29"
Leap Second = 0
eCompass North =  87.296
Tilted Angle =   4.955
Roll Angle   = 4.824
Pitch Angle  = 1.129
GPS Power = OFF
Latest Fix UTC Time = "2023/02/14,08:22:37"
Satellite Number = 09
GPS Strength     = "49,48,48,44,42,41,41,37,36"
Satellite ID     = " 7, 1,30,14, 8,13,50,40,17"
Longitude = 116.760382833
Latitude   = 39.596258000
Altitude   = 45.2
RTC Time = "2023/02/14,08:26:46"

[Temperature00002]
UTC Time = "2023/02/14,08:30:29"
Temperature = 14.1875

[GPS00006]
GPS Status = GPS Cycle On
GPS Tick = 480
UTC Time = "2023/02/14,08:30:29"

[GPS00007]
GPS Status = GPS Cycle Off
GPS Tick = 46
UTC Time = "2023/02/14,08:31:17"
DAC Value = 2132
ADC Sync Value = 2907,55
Phase Error = 41
Max Phase Error = 41

[GPS00008]
GPS Status = GPS Synchronization
UTC Time = "2023/02/14,08:34:29"
Leap Second = 0
eCompass North =  55.130
Tilted Angle =   4.916
Roll Angle   = 4.701
Pitch Angle  = 1.435
GPS Power = OFF
Latest Fix UTC Time = "2023/02/14,08:31:23"
Satellite Number = 09
GPS Strength     = "48,46,43,42,41,40,39,38,37"
Satellite ID     = "30,21,17, 7,14,13, 1,50,40"
Longitude = 116.760365833
Latitude   = 39.596221333
Altitude   = 40.5
RTC Time = "2023/02/14,08:34:58"

[GPS00009]
GPS Status = GPS Cycle On
GPS Tick = 480
UTC Time = "2023/02/14,08:39:17"

[GPS00010]
GPS Status = GPS Cycle Off
GPS Tick = 68
UTC Time = "2023/02/14,08:40:05"
DAC Value = 2133
ADC Sync Value = 2907,59
Phase Error = 10
Max Phase Error = 41

[Battery00001]
UTC Time = "2023/02/14,08:40:05"
Voltage = 8.1026

[Temperature00003]
UTC Time = "2023/02/14,08:40:53"
Temperature = 14.3750

[DeviceInfo00003]
BootReason = 0007
Firmware Version = V1.0.8.1be
Serial Number = 453015872
BootLoader Version = V1.0.1.7
Boot RTC ="2023/05/03,17:33:58"
Script Name = IGU_16HR 3C Standard Script
Project Name = IGU-16HR 3C
Device Type = IGU-16 5Hz
Start Date = "2022/07/18"
Start Time = "00:00:00"
End Time = "00:00:00"
FIFO Storage MODE = 1
GPS Power Mode = CycleOff
Channel Number = 3
Channel 1 Type = 98
Channel 2 Type = 98
Channel 3 Type = 98
Channel 4 Type = 97
Sample Rate = 400
Channel 1 Gain = 18
Channel 2 Gain = 18
Channel 3 Gain = 18
Channel 4 Gain = 0
Anti-alias Filter Type = Linear
Low Cutter Filter = 11
Voltage Threshold = 650,600

Ch1 Resistance = 1.7475, 1.8148
Ch1 Resonate Freq = 136.9829
Ch1 Damping = 0.1772
Ch1 Sensitivity = 509.8386
Ch1 RMS Noise = 1.2329
Ch1 Spread Noise = 868713.3750

Ch2 Resistance = 1.5123, 1.8213
Ch2 Resonate Freq = 139.2845
Ch2 Damping = 0.2858
Ch2 Sensitivity = 127.3408
Ch2 RMS Noise = 1.1879
Ch2 Spread Noise = 635256.2500

Ch3 Resistance = 1.7930, 1.7838
Ch3 Resonate Freq = 85.5405
Ch3 Damping = 0.2653
Ch3 Sensitivity = 435.2216
Ch3 RMS Noise = 1.1969
Ch3 Spread Noise = 802840.5625

SD Manufacturer ID = 0xad
SD OEM_Application ID = 0x4c53
SD Product Name = "46XLG"
SD Production Revision = 16
SD Production SN = 1447195482
SD Manufacture Date = 0x0154


[BatteryPowerOnStop]

[DeviceInfo00004]
BootReason = 0087
Firmware Version = V1.0.8.1be
Serial Number = 453015872
BootLoader Version = V1.0.1.7
Script Name = IGU_16HR 3C Standard Script
Project Name = IGU-16HR 3C
Device Type = IGU-16 5Hz
Start Date = "2022/07/18"
Start Time = "00:00:00"
End Time = "00:00:00"
FIFO Storage MODE = 1
GPS Power Mode = CycleOff
Channel Number = 3
Channel 1 Type = 98
Channel 2 Type = 98
Channel 3 Type = 98
Channel 4 Type = 97
Sample Rate = 400
Channel 1 Gain = 18
Channel 2 Gain = 18
Channel 3 Gain = 18
Channel 4 Gain = 0
Anti-alias Filter Type = Linear
Low Cutter Filter = 11
Voltage Threshold = 650,600

Ch1 Resistance = 1.7939, 1.6793
Ch1 Resonate Freq = 458.1012
Ch1 Damping = 0.3840
Ch1 Sensitivity = 389.0309
Ch1 RMS Noise = 1.2377
Ch1 Spread Noise =   6.2378

Ch2 Resistance = 1.7880, 1.8776
Ch2 Resonate Freq = 746.0958
Ch2 Damping = 0.2224
Ch2 Sensitivity = 638.6960
Ch2 RMS Noise = 1.1811
Ch2 Spread Noise = 62429.0117

Ch3 Resistance = 1.7614, 1.8080
Ch3 Resonate Freq = 489.3933
Ch3 Damping = 0.2599
Ch3 Sensitivity = 317.1345
Ch3 RMS Noise = 1.1836
Ch3 Spread Noise = 42382.3203

SD Manufacturer ID = 0xad
SD OEM_Application ID = 0x4c53
SD Product Name = "46XLG"
SD Production Revision = 16
SD Production SN = 1447195482
SD Manufacture Date = 0x0154


[BatteryPowerOnStop]
